# JRE version: OpenJDK Runtime Environment Corretto-18.0.2.9.1 (18.0.2+9) (build 18.0.2+9-FR)
# Java VM: OpenJDK 64-Bit Server VM Corretto-18.0.2.9.1 (18.0.2+9-FR, mixed mode, sharing, tiered, compressed oops, compressed class ptrs, g1 gc, windows-amd64)
GC Precious Log:
 CardTable entry size: 512
 Card Set container configuration: InlinePtr #cards 4 size 8 Array Of Cards #cards 16 size 48 Howl #buckets 8 coarsen threshold 3686 Howl Bitmap #cards 512 size 80 coarsen threshold 460 Card regions per heap region 1 cards per card region 4096
 CPUs: 8 total, 8 available
 Memory: 11164M
 Large Page Support: Disabled
 NUMA Support: Disabled
 Compressed Oops: Enabled (Zero based)
 Heap Region Size: 2M
 Heap Min Capacity: 8M
 Heap Initial Capacity: 176M
 Heap Max Capacity: 2792M
 Pre-touch: Disabled
 Parallel Workers: 8
 Concurrent Workers: 2
 Concurrent Refinement Workers: 8
 Periodic GC: Disabled
Heap:
 garbage-first heap   total 456704K, used 247808K [0x0000000751800000, 0x0000000800000000)
  region size 2048K, 13 young (26624K), 4 survivors (8192K)
 Metaspace       used 6315K, committed 6528K, reserved 1114112K
  class space    used 324K, committed 448K, reserved 1048576K
GC Heap History (16 events):
Event: 2.275 GC heap before
{Heap before GC invocations=0 (full 0):
 garbage-first heap   total 180224K, used 20480K [0x0000000751800000, 0x0000000800000000)
  region size 2048K, 11 young (22528K), 0 survivors (0K)
 Metaspace       used 6165K, committed 6400K, reserved 1114112K
  class space    used 316K, committed 448K, reserved 1048576K
}
Event: 2.287 GC heap after
{Heap after GC invocations=1 (full 0):
 garbage-first heap   total 180224K, used 7776K [0x0000000751800000, 0x0000000800000000)
  region size 2048K, 2 young (4096K), 2 survivors (4096K)
 Metaspace       used 6165K, committed 6400K, reserved 1114112K
  class space    used 316K, committed 448K, reserved 1048576K
}
Event: 2.543 GC heap before
{Heap before GC invocations=1 (full 0):
 garbage-first heap   total 180224K, used 46688K [0x0000000751800000, 0x0000000800000000)
  region size 2048K, 13 young (26624K), 2 survivors (4096K)
 Metaspace       used 6243K, committed 6464K, reserved 1114112K
  class space    used 321K, committed 448K, reserved 1048576K
}
Event: 2.567 GC heap after
{Heap after GC invocations=2 (full 0):
 garbage-first heap   total 180224K, used 28672K [0x0000000751800000, 0x0000000800000000)
  region size 2048K, 2 young (4096K), 2 survivors (4096K)
 Metaspace       used 6243K, committed 6464K, reserved 1114112K
  class space    used 321K, committed 448K, reserved 1048576K
}
Event: 2.644 GC heap before
{Heap before GC invocations=2 (full 0):
 garbage-first heap   total 180224K, used 69632K [0x0000000751800000, 0x0000000800000000)
  region size 2048K, 14 young (28672K), 2 survivors (4096K)
 Metaspace       used 6243K, committed 6464K, reserved 1114112K
  class space    used 321K, committed 448K, reserved 1048576K
}
Event: 2.672 GC heap after
{Heap after GC invocations=3 (full 0):
 garbage-first heap   total 180224K, used 52343K [0x0000000751800000, 0x0000000800000000)
  region size 2048K, 2 young (4096K), 2 survivors (4096K)
 Metaspace       used 6243K, committed 6464K, reserved 1114112K
  class space    used 321K, committed 448K, reserved 1048576K
}
Event: 2.776 GC heap before
{Heap before GC invocations=3 (full 0):
 garbage-first heap   total 180224K, used 97399K [0x0000000751800000, 0x0000000800000000)
  region size 2048K, 16 young (32768K), 2 survivors (4096K)
 Metaspace       used 6245K, committed 6464K, reserved 1114112K
  class space    used 321K, committed 448K, reserved 1048576K
}
Event: 2.813 GC heap after
{Heap after GC invocations=4 (full 0):
 garbage-first heap   total 180224K, used 79358K [0x0000000751800000, 0x0000000800000000)
  region size 2048K, 2 young (4096K), 2 survivors (4096K)
 Metaspace       used 6245K, committed 6464K, reserved 1114112K
  class space    used 321K, committed 448K, reserved 1048576K
}
Event: 2.904 GC heap before
{Heap before GC invocations=4 (full 0):
 garbage-first heap   total 180224K, used 97790K [0x0000000751800000, 0x0000000800000000)
  region size 2048K, 10 young (20480K), 2 survivors (4096K)
 Metaspace       used 6247K, committed 6464K, reserved 1114112K
  class space    used 321K, committed 448K, reserved 1048576K
}
Event: 2.928 GC heap after
{Heap after GC invocations=5 (full 0):
 garbage-first heap   total 180224K, used 94013K [0x0000000751800000, 0x0000000800000000)
  region size 2048K, 2 young (4096K), 2 survivors (4096K)
 Metaspace       used 6247K, committed 6464K, reserved 1114112K
  class space    used 321K, committed 448K, reserved 1048576K
}
Event: 3.031 GC heap before
{Heap before GC invocations=5 (full 0):
 garbage-first heap   total 180224K, used 132925K [0x0000000751800000, 0x0000000800000000)
  region size 2048K, 13 young (26624K), 2 survivors (4096K)
 Metaspace       used 6253K, committed 6464K, reserved 1114112K
  class space    used 321K, committed 448K, reserved 1048576K
}
Event: 3.061 GC heap after
{Heap after GC invocations=6 (full 0):
 garbage-first heap   total 456704K, used 116736K [0x0000000751800000, 0x0000000800000000)
  region size 2048K, 2 young (4096K), 2 survivors (4096K)
 Metaspace       used 6253K, committed 6464K, reserved 1114112K
  class space    used 321K, committed 448K, reserved 1048576K
}
Event: 3.389 GC heap before
{Heap before GC invocations=7 (full 0):
 garbage-first heap   total 456704K, used 188416K [0x0000000751800000, 0x0000000800000000)
  region size 2048K, 23 young (47104K), 2 survivors (4096K)
 Metaspace       used 6277K, committed 6528K, reserved 1114112K
  class space    used 323K, committed 448K, reserved 1048576K
}
Event: 3.420 GC heap after
{Heap after GC invocations=8 (full 0):
 garbage-first heap   total 456704K, used 163158K [0x0000000751800000, 0x0000000800000000)
  region size 2048K, 3 young (6144K), 3 survivors (6144K)
 Metaspace       used 6277K, committed 6528K, reserved 1114112K
  class space    used 323K, committed 448K, reserved 1048576K
}
Event: 3.647 GC heap before
{Heap before GC invocations=8 (full 0):
 garbage-first heap   total 456704K, used 243030K [0x0000000751800000, 0x0000000800000000)
  region size 2048K, 23 young (47104K), 3 survivors (6144K)
 Metaspace       used 6278K, committed 6528K, reserved 1114112K
  class space    used 323K, committed 448K, reserved 1048576K
}
Event: 3.698 GC heap after
{Heap after GC invocations=9 (full 0):
 garbage-first heap   total 456704K, used 225280K [0x0000000751800000, 0x0000000800000000)
  region size 2048K, 4 young (8192K), 4 survivors (8192K)
 Metaspace       used 6278K, committed 6528K, reserved 1114112K
  class space    used 323K, committed 448K, reserved 1048576K
}

