# JRE version: OpenJDK Runtime Environment Corretto-18.0.2.9.1 (18.0.2+9) (build 18.0.2+9-FR)
# Java VM: OpenJDK 64-Bit Server VM Corretto-18.0.2.9.1 (18.0.2+9-FR, mixed mode, sharing, tiered, compressed oops, compressed class ptrs, g1 gc, windows-amd64)
GC Precious Log:
 CardTable entry size: 512
 Card Set container configuration: InlinePtr #cards 4 size 8 Array Of Cards #cards 16 size 48 Howl #buckets 8 coarsen threshold 3686 Howl Bitmap #cards 512 size 80 coarsen threshold 460 Card regions per heap region 1 cards per card region 4096
 CPUs: 8 total, 8 available
 Memory: 11164M
 Large Page Support: Disabled
 NUMA Support: Disabled
 Compressed Oops: Enabled (Zero based)
 Heap Region Size: 2M
 Heap Min Capacity: 8M
 Heap Initial Capacity: 176M
 Heap Max Capacity: 2792M
 Pre-touch: Disabled
 Parallel Workers: 8
 Concurrent Workers: 2
 Concurrent Refinement Workers: 8
 Periodic GC: Disabled
Heap:
 garbage-first heap   total 434176K, used 255199K [0x0000000751800000, 0x0000000800000000)
  region size 2048K, 17 young (34816K), 4 survivors (8192K)
 Metaspace       used 6323K, committed 6528K, reserved 1114112K
  class space    used 324K, committed 448K, reserved 1048576K
GC Heap History (16 events):
Event: 2.202 GC heap before
{Heap before GC invocations=0 (full 0):
 garbage-first heap   total 180224K, used 20480K [0x0000000751800000, 0x0000000800000000)
  region size 2048K, 11 young (22528K), 0 survivors (0K)
 Metaspace       used 6176K, committed 6400K, reserved 1114112K
  class space    used 316K, committed 448K, reserved 1048576K
}
Event: 2.214 GC heap after
{Heap after GC invocations=1 (full 0):
 garbage-first heap   total 180224K, used 7712K [0x0000000751800000, 0x0000000800000000)
  region size 2048K, 2 young (4096K), 2 survivors (4096K)
 Metaspace       used 6176K, committed 6400K, reserved 1114112K
  class space    used 316K, committed 448K, reserved 1048576K
}
Event: 2.367 GC heap before
{Heap before GC invocations=1 (full 0):
 garbage-first heap   total 180224K, used 46624K [0x0000000751800000, 0x0000000800000000)
  region size 2048K, 13 young (26624K), 2 survivors (4096K)
 Metaspace       used 6251K, committed 6464K, reserved 1114112K
  class space    used 321K, committed 448K, reserved 1048576K
}
Event: 2.386 GC heap after
{Heap after GC invocations=2 (full 0):
 garbage-first heap   total 180224K, used 28672K [0x0000000751800000, 0x0000000800000000)
  region size 2048K, 2 young (4096K), 2 survivors (4096K)
 Metaspace       used 6251K, committed 6464K, reserved 1114112K
  class space    used 321K, committed 448K, reserved 1048576K
}
Event: 2.448 GC heap before
{Heap before GC invocations=2 (full 0):
 garbage-first heap   total 180224K, used 65536K [0x0000000751800000, 0x0000000800000000)
  region size 2048K, 14 young (28672K), 2 survivors (4096K)
 Metaspace       used 6252K, committed 6464K, reserved 1114112K
  class space    used 321K, committed 448K, reserved 1048576K
}
Event: 2.471 GC heap after
{Heap after GC invocations=3 (full 0):
 garbage-first heap   total 180224K, used 52913K [0x0000000751800000, 0x0000000800000000)
  region size 2048K, 2 young (4096K), 2 survivors (4096K)
 Metaspace       used 6252K, committed 6464K, reserved 1114112K
  class space    used 321K, committed 448K, reserved 1048576K
}
Event: 2.583 GC heap before
{Heap before GC invocations=3 (full 0):
 garbage-first heap   total 180224K, used 104113K [0x0000000751800000, 0x0000000800000000)
  region size 2048K, 17 young (34816K), 2 survivors (4096K)
 Metaspace       used 6254K, committed 6464K, reserved 1114112K
  class space    used 321K, committed 448K, reserved 1048576K
}
Event: 2.611 GC heap after
{Heap after GC invocations=4 (full 0):
 garbage-first heap   total 180224K, used 80639K [0x0000000751800000, 0x0000000800000000)
  region size 2048K, 3 young (6144K), 3 survivors (6144K)
 Metaspace       used 6254K, committed 6464K, reserved 1114112K
  class space    used 321K, committed 448K, reserved 1048576K
}
Event: 2.647 GC heap before
{Heap before GC invocations=4 (full 0):
 garbage-first heap   total 180224K, used 99071K [0x0000000751800000, 0x0000000800000000)
  region size 2048K, 10 young (20480K), 3 survivors (6144K)
 Metaspace       used 6254K, committed 6464K, reserved 1114112K
  class space    used 321K, committed 448K, reserved 1048576K
}
Event: 2.670 GC heap after
{Heap after GC invocations=5 (full 0):
 garbage-first heap   total 180224K, used 93935K [0x0000000751800000, 0x0000000800000000)
  region size 2048K, 2 young (4096K), 2 survivors (4096K)
 Metaspace       used 6254K, committed 6464K, reserved 1114112K
  class space    used 321K, committed 448K, reserved 1048576K
}
Event: 2.793 GC heap before
{Heap before GC invocations=5 (full 0):
 garbage-first heap   total 180224K, used 132847K [0x0000000751800000, 0x0000000800000000)
  region size 2048K, 13 young (26624K), 2 survivors (4096K)
 Metaspace       used 6260K, committed 6464K, reserved 1114112K
  class space    used 321K, committed 448K, reserved 1048576K
}
Event: 2.824 GC heap after
{Heap after GC invocations=6 (full 0):
 garbage-first heap   total 499712K, used 116000K [0x0000000751800000, 0x0000000800000000)
  region size 2048K, 2 young (4096K), 2 survivors (4096K)
 Metaspace       used 6260K, committed 6464K, reserved 1114112K
  class space    used 321K, committed 448K, reserved 1048576K
}
Event: 3.162 GC heap before
{Heap before GC invocations=7 (full 0):
 garbage-first heap   total 430080K, used 189728K [0x0000000751800000, 0x0000000800000000)
  region size 2048K, 24 young (49152K), 2 survivors (4096K)
 Metaspace       used 6282K, committed 6528K, reserved 1114112K
  class space    used 323K, committed 448K, reserved 1048576K
}
Event: 3.192 GC heap after
{Heap after GC invocations=8 (full 0):
 garbage-first heap   total 430080K, used 164480K [0x0000000751800000, 0x0000000800000000)
  region size 2048K, 3 young (6144K), 3 survivors (6144K)
 Metaspace       used 6282K, committed 6528K, reserved 1114112K
  class space    used 323K, committed 448K, reserved 1048576K
}
Event: 3.365 GC heap before
{Heap before GC invocations=8 (full 0):
 garbage-first heap   total 430080K, used 227968K [0x0000000751800000, 0x0000000800000000)
  region size 2048K, 19 young (38912K), 3 survivors (6144K)
 Metaspace       used 6284K, committed 6528K, reserved 1114112K
  class space    used 323K, committed 448K, reserved 1048576K
}
Event: 3.404 GC heap after
{Heap after GC invocations=9 (full 0):
 garbage-first heap   total 430080K, used 210143K [0x0000000751800000, 0x0000000800000000)
  region size 2048K, 4 young (8192K), 4 survivors (8192K)
 Metaspace       used 6284K, committed 6528K, reserved 1114112K
  class space    used 323K, committed 448K, reserved 1048576K
}

